<?xml version="1.0" encoding="UTF-8"?>
<!-- Generated by org.testng.reporters.JUnitReportReporter -->
<testsuite hostname="MUSIC-PC" failures="0" tests="1" name="BeyondTrustTest" time="20.274" errors="0" timestamp="2024-06-17T16:19:12 ADT" skipped="0">
  <testcase classname="BeyondTrustTest" name="test1" time="20.274"/>
  <system-out/>
</testsuite> <!-- BeyondTrustTest -->
